<?xml version="1.0" encoding="UTF-8"?>
<!-- Generated by org.testng.reporters.JUnitXMLReporter -->
<testsuite hostname="G4XCQHG3E" ignored="0" name="Default test" tests="7" failures="2" timestamp="17 Aug 2022 14:48:13 GMT" time="7.327" errors="0">
  <testcase name="getSinglePlaylist" time="5.075" classname="com.spotify.oauth2.test.PlaylistAPITests"/>
  <testcase name="createPlaylist" time="0.577" classname="com.spotify.oauth2.test.PlaylistAPITests"/>
  <testcase name="updateSinglePlaylistDetail" time="0.388" classname="com.spotify.oauth2.test.PlaylistAPITests">
    <failure type="java.lang.AssertionError" message="1 expectation failed.
Expected content-type &amp;quot;JSON&amp;quot; doesn&amp;apos;t match actual content-type &amp;quot;&amp;quot;.
">
      <![CDATA[java.lang.AssertionError: 1 expectation failed.
Expected content-type "JSON" doesn't match actual content-type "".

	at sun.reflect.NativeConstructorAccessorImpl.newInstance0(Native Method)
	at sun.reflect.NativeConstructorAccessorImpl.newInstance(NativeConstructorAccessorImpl.java:62)
	at sun.reflect.DelegatingConstructorAccessorImpl.newInstance(DelegatingConstructorAccessorImpl.java:45)
	at java.lang.reflect.Constructor.newInstance(Constructor.java:423)
	at org.codehaus.groovy.reflection.CachedConstructor.invoke(CachedConstructor.java:80)
	at org.codehaus.groovy.reflection.CachedConstructor.doConstructorInvoke(CachedConstructor.java:74)
	at org.codehaus.groovy.runtime.callsite.ConstructorSite$ConstructorSiteNoUnwrap.callConstructor(ConstructorSite.java:84)
	at org.codehaus.groovy.runtime.callsite.CallSiteArray.defaultCallConstructor(CallSiteArray.java:59)
	at org.codehaus.groovy.runtime.callsite.AbstractCallSite.callConstructor(AbstractCallSite.java:237)
	at org.codehaus.groovy.runtime.callsite.AbstractCallSite.callConstructor(AbstractCallSite.java:249)
	at io.restassured.internal.ResponseSpecificationImpl$HamcrestAssertionClosure.validate(ResponseSpecificationImpl.groovy:493)
	at io.restassured.internal.ResponseSpecificationImpl$HamcrestAssertionClosure$validate$1.call(Unknown Source)
	at io.restassured.internal.ResponseSpecificationImpl.validate(ResponseSpecificationImpl.groovy:92)
	at io.restassured.internal.ValidatableResponseOptionsImpl.spec(ValidatableResponseOptionsImpl.java:288)
	at io.restassured.internal.ValidatableResponseImpl.super$2$spec(ValidatableResponseImpl.groovy)
	at sun.reflect.NativeMethodAccessorImpl.invoke0(Native Method)
	at sun.reflect.NativeMethodAccessorImpl.invoke(NativeMethodAccessorImpl.java:62)
	at sun.reflect.DelegatingMethodAccessorImpl.invoke(DelegatingMethodAccessorImpl.java:43)
	at java.lang.reflect.Method.invoke(Method.java:498)
	at org.codehaus.groovy.reflection.CachedMethod.invoke(CachedMethod.java:101)
	at groovy.lang.MetaMethod.doMethodInvoke(MetaMethod.java:323)
	at groovy.lang.MetaClassImpl.invokeMethod(MetaClassImpl.java:1217)
	at org.codehaus.groovy.runtime.ScriptBytecodeAdapter.invokeMethodOnSuperN(ScriptBytecodeAdapter.java:144)
	at io.restassured.internal.ValidatableResponseImpl.spec(ValidatableResponseImpl.groovy:76)
	at io.restassured.internal.ValidatableResponseImpl.spec(ValidatableResponseImpl.groovy)
	at com.spotify.oauth2.api.RestResource.put(RestResource.java:40)
	at com.spotify.oauth2.api.applicationapi.PlaylistAPI.put(PlaylistAPI.java:39)
	at com.spotify.oauth2.test.PlaylistAPITests.updateSinglePlaylistDetail(PlaylistAPITests.java:91)
	at sun.reflect.NativeMethodAccessorImpl.invoke0(Native Method)
	at sun.reflect.NativeMethodAccessorImpl.invoke(NativeMethodAccessorImpl.java:62)
	at sun.reflect.DelegatingMethodAccessorImpl.invoke(DelegatingMethodAccessorImpl.java:43)
	at java.lang.reflect.Method.invoke(Method.java:498)
	at org.testng.internal.MethodInvocationHelper.invokeMethod(MethodInvocationHelper.java:108)
	at org.testng.internal.Invoker.invokeMethod(Invoker.java:661)
	at org.testng.internal.Invoker.invokeTestMethod(Invoker.java:869)
	at org.testng.internal.Invoker.invokeTestMethods(Invoker.java:1193)
	at org.testng.internal.TestMethodWorker.invokeTestMethods(TestMethodWorker.java:126)
	at org.testng.internal.TestMethodWorker.run(TestMethodWorker.java:109)
	at org.testng.TestRunner.privateRun(TestRunner.java:744)
	at org.testng.TestRunner.run(TestRunner.java:602)
	at org.testng.SuiteRunner.runTest(SuiteRunner.java:380)
	at org.testng.SuiteRunner.runSequentially(SuiteRunner.java:375)
	at org.testng.SuiteRunner.privateRun(SuiteRunner.java:340)
	at org.testng.SuiteRunner.run(SuiteRunner.java:289)
	at org.testng.SuiteRunnerWorker.runSuite(SuiteRunnerWorker.java:52)
	at org.testng.SuiteRunnerWorker.run(SuiteRunnerWorker.java:86)
	at org.testng.TestNG.runSuitesSequentially(TestNG.java:1301)
	at org.testng.TestNG.runSuitesLocally(TestNG.java:1226)
	at org.testng.TestNG.runSuites(TestNG.java:1144)
	at org.testng.TestNG.run(TestNG.java:1115)
	at org.testng.remote.AbstractRemoteTestNG.run(AbstractRemoteTestNG.java:132)
	at org.testng.remote.RemoteTestNG.initAndRun(RemoteTestNG.java:230)
	at org.testng.remote.RemoteTestNG.main(RemoteTestNG.java:76)
]]>
    </failure>
  </testcase> <!-- updateSinglePlaylistDetail -->
  <testcase name="getSingleUserAllPlaylist" time="0.288" classname="com.spotify.oauth2.test.PlaylistAPITests">
    <failure type="java.lang.AssertionError" message="
Expected: iterable with items [&amp;quot;Dilip Walk Playlist&amp;quot;, &amp;quot;Dilip Walk Playlist&amp;quot;, &amp;quot;Dilip Walk Playlist&amp;quot;, &amp;quot;Dilip Walk Playlist&amp;quot;, &amp;quot;Dilip Walk Playlist&amp;quot;, &amp;quot;Dilip Walk Playlist&amp;quot;, &amp;quot;Dilip Walk Playlist&amp;quot;, &amp;quot;Dilip Walk Playlist&amp;quot;, &amp;quot;Dilip Walk Playlist&amp;quot;, &amp;quot;Dilip Walk Playlist&amp;quot;, &amp;quot;Dilip Walk Playlist&amp;quot;, &amp;quot;Dilip Walk Playlist&amp;quot;, &amp;quot;Dilip Walk Playlist&amp;quot;, &amp;quot;Dilip Walk Playlist&amp;quot;, &amp;quot;Dilip Walk Playlist&amp;quot;, &amp;quot;Dilip Cardio Playlist&amp;quot;, &amp;quot;Dilip Gym Playlist&amp;quot;, &amp;quot;Dilip Talk Playlist&amp;quot;, &amp;quot;Dilip Empty Playlist&amp;quot;, &amp;quot;Dilip Learning Playlist&amp;quot;, &amp;quot;Dilip Timepass Playlist&amp;quot;, &amp;quot;Dilip Trace Playlist&amp;quot;] in any order
     but: not matched: &amp;quot;Playlist,---__o_3,M 6_-j8a _&amp;quot;">
      <![CDATA[java.lang.AssertionError: 
Expected: iterable with items ["Dilip Walk Playlist", "Dilip Walk Playlist", "Dilip Walk Playlist", "Dilip Walk Playlist", "Dilip Walk Playlist", "Dilip Walk Playlist", "Dilip Walk Playlist", "Dilip Walk Playlist", "Dilip Walk Playlist", "Dilip Walk Playlist", "Dilip Walk Playlist", "Dilip Walk Playlist", "Dilip Walk Playlist", "Dilip Walk Playlist", "Dilip Walk Playlist", "Dilip Cardio Playlist", "Dilip Gym Playlist", "Dilip Talk Playlist", "Dilip Empty Playlist", "Dilip Learning Playlist", "Dilip Timepass Playlist", "Dilip Trace Playlist"] in any order
     but: not matched: "Playlist,---__o_3,M 6_-j8a _"
	at org.hamcrest.MatcherAssert.assertThat(MatcherAssert.java:18)
	at org.hamcrest.MatcherAssert.assertThat(MatcherAssert.java:6)
	at com.spotify.oauth2.test.PlaylistAPITests.getSingleUserAllPlaylist(PlaylistAPITests.java:115)
	at sun.reflect.NativeMethodAccessorImpl.invoke0(Native Method)
	at sun.reflect.NativeMethodAccessorImpl.invoke(NativeMethodAccessorImpl.java:62)
	at sun.reflect.DelegatingMethodAccessorImpl.invoke(DelegatingMethodAccessorImpl.java:43)
	at java.lang.reflect.Method.invoke(Method.java:498)
	at org.testng.internal.MethodInvocationHelper.invokeMethod(MethodInvocationHelper.java:108)
	at org.testng.internal.Invoker.invokeMethod(Invoker.java:661)
	at org.testng.internal.Invoker.invokeTestMethod(Invoker.java:869)
	at org.testng.internal.Invoker.invokeTestMethods(Invoker.java:1193)
	at org.testng.internal.TestMethodWorker.invokeTestMethods(TestMethodWorker.java:126)
	at org.testng.internal.TestMethodWorker.run(TestMethodWorker.java:109)
	at org.testng.TestRunner.privateRun(TestRunner.java:744)
	at org.testng.TestRunner.run(TestRunner.java:602)
	at org.testng.SuiteRunner.runTest(SuiteRunner.java:380)
	at org.testng.SuiteRunner.runSequentially(SuiteRunner.java:375)
	at org.testng.SuiteRunner.privateRun(SuiteRunner.java:340)
	at org.testng.SuiteRunner.run(SuiteRunner.java:289)
	at org.testng.SuiteRunnerWorker.runSuite(SuiteRunnerWorker.java:52)
	at org.testng.SuiteRunnerWorker.run(SuiteRunnerWorker.java:86)
	at org.testng.TestNG.runSuitesSequentially(TestNG.java:1301)
	at org.testng.TestNG.runSuitesLocally(TestNG.java:1226)
	at org.testng.TestNG.runSuites(TestNG.java:1144)
	at org.testng.TestNG.run(TestNG.java:1115)
	at org.testng.remote.AbstractRemoteTestNG.run(AbstractRemoteTestNG.java:132)
	at org.testng.remote.RemoteTestNG.initAndRun(RemoteTestNG.java:230)
	at org.testng.remote.RemoteTestNG.main(RemoteTestNG.java:76)
]]>
    </failure>
  </testcase> <!-- getSingleUserAllPlaylist -->
  <testcase name="notAbleToCreatePlaylistWithEmptyName" time="0.362" classname="com.spotify.oauth2.test.PlaylistAPITests"/>
  <testcase name="notAbleToCreatePlaylistUsingInvalidAccessToken" time="0.191" classname="com.spotify.oauth2.test.PlaylistAPITests"/>
  <testcase name="notAbleToCreatePlaylistUsingExpiredAccessToken" time="0.21" classname="com.spotify.oauth2.test.PlaylistAPITests"/>
</testsuite> <!-- Default test -->
