{"uuid":"7c953093-fc86-4906-a154-96985ae5435c","historyId":"a66a7dd622cb071fe1043bf9c1f3e61b","fullName":"com.spotify.oauth2.test.PlaylistTests.updateSinglePlaylistDetail","labels":[{"name":"package","value":"com.spotify.oauth2.test.PlaylistTests"},{"name":"testClass","value":"com.spotify.oauth2.test.PlaylistTests"},{"name":"testMethod","value":"updateSinglePlaylistDetail"},{"name":"parentSuite","value":"Default suite"},{"name":"suite","value":"Default test"},{"name":"subSuite","value":"com.spotify.oauth2.test.PlaylistTests"},{"name":"host","value":"G4XCQHG3E"},{"name":"thread","value":"16400@G4XCQHG3E.main(1)"},{"name":"framework","value":"testng"},{"name":"language","value":"java"},{"name":"feature","value":"Playlist API"},{"name":"story","value":"Playlist CRUD Operation"},{"name":"severity","value":"critical"}],"links":[],"name":"Verify update Playlist detail using Playlist ID","status":"failed","statusDetails":{"known":false,"muted":false,"flaky":false,"message":"1 expectation failed.\nExpected content-type \"JSON\" doesn't match actual content-type \"\".\n","trace":"java.lang.AssertionError: 1 expectation failed.\nExpected content-type \"JSON\" doesn't match actual content-type \"\".\n\r\n\tat sun.reflect.NativeConstructorAccessorImpl.newInstance0(Native Method)\r\n\tat sun.reflect.NativeConstructorAccessorImpl.newInstance(Unknown Source)\r\n\tat sun.reflect.DelegatingConstructorAccessorImpl.newInstance(Unknown Source)\r\n\tat java.lang.reflect.Constructor.newInstance(Unknown Source)\r\n\tat org.codehaus.groovy.reflection.CachedConstructor.invoke(CachedConstructor.java:73)\r\n\tat org.codehaus.groovy.reflection.CachedConstructor.doConstructorInvoke(CachedConstructor.java:60)\r\n\tat org.codehaus.groovy.runtime.callsite.ConstructorSite$ConstructorSiteNoUnwrap.callConstructor(ConstructorSite.java:86)\r\n\tat org.codehaus.groovy.runtime.callsite.CallSiteArray.defaultCallConstructor(CallSiteArray.java:58)\r\n\tat org.codehaus.groovy.runtime.callsite.AbstractCallSite.callConstructor(AbstractCallSite.java:263)\r\n\tat org.codehaus.groovy.runtime.callsite.AbstractCallSite.callConstructor(AbstractCallSite.java:277)\r\n\tat io.restassured.internal.ResponseSpecificationImpl$HamcrestAssertionClosure.validate(ResponseSpecificationImpl.groovy:512)\r\n\tat io.restassured.internal.ResponseSpecificationImpl$HamcrestAssertionClosure$validate$1.call(Unknown Source)\r\n\tat io.restassured.internal.ResponseSpecificationImpl.validate(ResponseSpecificationImpl.groovy:101)\r\n\tat io.restassured.internal.ValidatableResponseOptionsImpl.spec(ValidatableResponseOptionsImpl.java:288)\r\n\tat com.spotify.oauth2.api.RestResource.put(RestResource.java:40)\r\n\tat com.spotify.oauth2.api.applicationapi.PlaylistAPI.put(PlaylistAPI.java:39)\r\n\tat com.spotify.oauth2.test.PlaylistTests.updateSinglePlaylistDetail(PlaylistTests.java:75)\r\n\tat sun.reflect.NativeMethodAccessorImpl.invoke0(Native Method)\r\n\tat sun.reflect.NativeMethodAccessorImpl.invoke(Unknown Source)\r\n\tat sun.reflect.DelegatingMethodAccessorImpl.invoke(Unknown Source)\r\n\tat java.lang.reflect.Method.invoke(Unknown Source)\r\n\tat org.testng.internal.MethodInvocationHelper.invokeMethod(MethodInvocationHelper.java:108)\r\n\tat org.testng.internal.Invoker.invokeMethod(Invoker.java:661)\r\n\tat org.testng.internal.Invoker.invokeTestMethod(Invoker.java:869)\r\n\tat org.testng.internal.Invoker.invokeTestMethods(Invoker.java:1193)\r\n\tat org.testng.internal.TestMethodWorker.invokeTestMethods(TestMethodWorker.java:126)\r\n\tat org.testng.internal.TestMethodWorker.run(TestMethodWorker.java:109)\r\n\tat org.testng.TestRunner.privateRun(TestRunner.java:744)\r\n\tat org.testng.TestRunner.run(TestRunner.java:602)\r\n\tat org.testng.SuiteRunner.runTest(SuiteRunner.java:380)\r\n\tat org.testng.SuiteRunner.runSequentially(SuiteRunner.java:375)\r\n\tat org.testng.SuiteRunner.privateRun(SuiteRunner.java:340)\r\n\tat org.testng.SuiteRunner.run(SuiteRunner.java:289)\r\n\tat org.testng.SuiteRunnerWorker.runSuite(SuiteRunnerWorker.java:52)\r\n\tat org.testng.SuiteRunnerWorker.run(SuiteRunnerWorker.java:86)\r\n\tat org.testng.TestNG.runSuitesSequentially(TestNG.java:1301)\r\n\tat org.testng.TestNG.runSuitesLocally(TestNG.java:1226)\r\n\tat org.testng.TestNG.runSuites(TestNG.java:1144)\r\n\tat org.testng.TestNG.run(TestNG.java:1115)\r\n\tat org.testng.remote.AbstractRemoteTestNG.run(AbstractRemoteTestNG.java:132)\r\n\tat org.testng.remote.RemoteTestNG.initAndRun(RemoteTestNG.java:230)\r\n\tat org.testng.remote.RemoteTestNG.main(RemoteTestNG.java:76)\r\n"},"stage":"finished","description":"User should be able to update Plylist detail using Playlist ID","steps":[{"name":"playlistBuilder","status":"passed","stage":"finished","steps":[],"attachments":[],"parameters":[{"name":"name","value":"Dilip Talk Playlist"},{"name":"description","value":"Dilip recently created Talk Playlist"},{"name":"_public","value":"false"}],"start":1660654087867,"stop":1660654087867},{"name":"put","status":"failed","statusDetails":{"known":false,"muted":false,"flaky":false,"message":"1 expectation failed.\nExpected content-type \"JSON\" doesn't match actual content-type \"\".\n","trace":"java.lang.AssertionError: 1 expectation failed.\nExpected content-type \"JSON\" doesn't match actual content-type \"\".\n\r\n\tat sun.reflect.NativeConstructorAccessorImpl.newInstance0(Native Method)\r\n\tat sun.reflect.NativeConstructorAccessorImpl.newInstance(Unknown Source)\r\n\tat sun.reflect.DelegatingConstructorAccessorImpl.newInstance(Unknown Source)\r\n\tat java.lang.reflect.Constructor.newInstance(Unknown Source)\r\n\tat org.codehaus.groovy.reflection.CachedConstructor.invoke(CachedConstructor.java:73)\r\n\tat org.codehaus.groovy.reflection.CachedConstructor.doConstructorInvoke(CachedConstructor.java:60)\r\n\tat org.codehaus.groovy.runtime.callsite.ConstructorSite$ConstructorSiteNoUnwrap.callConstructor(ConstructorSite.java:86)\r\n\tat org.codehaus.groovy.runtime.callsite.CallSiteArray.defaultCallConstructor(CallSiteArray.java:58)\r\n\tat org.codehaus.groovy.runtime.callsite.AbstractCallSite.callConstructor(AbstractCallSite.java:263)\r\n\tat org.codehaus.groovy.runtime.callsite.AbstractCallSite.callConstructor(AbstractCallSite.java:277)\r\n\tat io.restassured.internal.ResponseSpecificationImpl$HamcrestAssertionClosure.validate(ResponseSpecificationImpl.groovy:512)\r\n\tat io.restassured.internal.ResponseSpecificationImpl$HamcrestAssertionClosure$validate$1.call(Unknown Source)\r\n\tat io.restassured.internal.ResponseSpecificationImpl.validate(ResponseSpecificationImpl.groovy:101)\r\n\tat io.restassured.internal.ValidatableResponseOptionsImpl.spec(ValidatableResponseOptionsImpl.java:288)\r\n\tat com.spotify.oauth2.api.RestResource.put(RestResource.java:40)\r\n\tat com.spotify.oauth2.api.applicationapi.PlaylistAPI.put(PlaylistAPI.java:39)\r\n\tat com.spotify.oauth2.test.PlaylistTests.updateSinglePlaylistDetail(PlaylistTests.java:75)\r\n\tat sun.reflect.NativeMethodAccessorImpl.invoke0(Native Method)\r\n\tat sun.reflect.NativeMethodAccessorImpl.invoke(Unknown Source)\r\n\tat sun.reflect.DelegatingMethodAccessorImpl.invoke(Unknown Source)\r\n\tat java.lang.reflect.Method.invoke(Unknown Source)\r\n\tat org.testng.internal.MethodInvocationHelper.invokeMethod(MethodInvocationHelper.java:108)\r\n\tat org.testng.internal.Invoker.invokeMethod(Invoker.java:661)\r\n\tat org.testng.internal.Invoker.invokeTestMethod(Invoker.java:869)\r\n\tat org.testng.internal.Invoker.invokeTestMethods(Invoker.java:1193)\r\n\tat org.testng.internal.TestMethodWorker.invokeTestMethods(TestMethodWorker.java:126)\r\n\tat org.testng.internal.TestMethodWorker.run(TestMethodWorker.java:109)\r\n\tat org.testng.TestRunner.privateRun(TestRunner.java:744)\r\n\tat org.testng.TestRunner.run(TestRunner.java:602)\r\n\tat org.testng.SuiteRunner.runTest(SuiteRunner.java:380)\r\n\tat org.testng.SuiteRunner.runSequentially(SuiteRunner.java:375)\r\n\tat org.testng.SuiteRunner.privateRun(SuiteRunner.java:340)\r\n\tat org.testng.SuiteRunner.run(SuiteRunner.java:289)\r\n\tat org.testng.SuiteRunnerWorker.runSuite(SuiteRunnerWorker.java:52)\r\n\tat org.testng.SuiteRunnerWorker.run(SuiteRunnerWorker.java:86)\r\n\tat org.testng.TestNG.runSuitesSequentially(TestNG.java:1301)\r\n\tat org.testng.TestNG.runSuitesLocally(TestNG.java:1226)\r\n\tat org.testng.TestNG.runSuites(TestNG.java:1144)\r\n\tat org.testng.TestNG.run(TestNG.java:1115)\r\n\tat org.testng.remote.AbstractRemoteTestNG.run(AbstractRemoteTestNG.java:132)\r\n\tat org.testng.remote.RemoteTestNG.initAndRun(RemoteTestNG.java:230)\r\n\tat org.testng.remote.RemoteTestNG.main(RemoteTestNG.java:76)\r\n"},"stage":"finished","steps":[],"attachments":[],"parameters":[{"name":"playlistId","value":"0X8Iyrxgy7cFrGBsRBxsRL"},{"name":"requestPlaylist","value":"com.spotify.oauth2.pojo.Playlist@50628080"}],"start":1660654087867,"stop":1660654088151}],"attachments":[],"parameters":[],"start":1660654087867,"stop":1660654088153}