<?xml version="1.0" encoding="UTF-8"?>
<testng-results skipped="0" failed="2" ignored="0" total="7" passed="5">
  <reporter-output>
  </reporter-output>
  <suite name="Default suite" duration-ms="8269" started-at="2022-08-16T12:48:01Z" finished-at="2022-08-16T12:48:09Z">
    <groups>
    </groups>
    <test name="Default test" duration-ms="8269" started-at="2022-08-16T12:48:01Z" finished-at="2022-08-16T12:48:09Z">
      <class name="com.spotify.oauth2.test.PlaylistTests">
        <test-method status="PASS" signature="getSinglePlaylist()[pri:0, instance:com.spotify.oauth2.test.PlaylistTests@3add81c4]" name="getSinglePlaylist" duration-ms="5739" started-at="2022-08-16T18:18:01Z" description="Verify Playlist detail using Playlist ID" finished-at="2022-08-16T18:18:07Z">
          <reporter-output>
          </reporter-output>
        </test-method> <!-- getSinglePlaylist -->
        <test-method status="PASS" signature="createPlaylist()[pri:1, instance:com.spotify.oauth2.test.PlaylistTests@3add81c4]" name="createPlaylist" duration-ms="490" started-at="2022-08-16T18:18:07Z" description="Verify create Playlist using User ID" finished-at="2022-08-16T18:18:07Z">
          <reporter-output>
          </reporter-output>
        </test-method> <!-- createPlaylist -->
        <test-method status="FAIL" signature="updateSinglePlaylistDetail()[pri:2, instance:com.spotify.oauth2.test.PlaylistTests@3add81c4]" name="updateSinglePlaylistDetail" duration-ms="289" started-at="2022-08-16T18:18:07Z" description="Verify update Playlist detail using Playlist ID" finished-at="2022-08-16T18:18:08Z">
          <exception class="java.lang.AssertionError">
            <message>
              <![CDATA[1 expectation failed.
Expected content-type "JSON" doesn't match actual content-type "".
]]>
            </message>
            <full-stacktrace>
              <![CDATA[java.lang.AssertionError: 1 expectation failed.
Expected content-type "JSON" doesn't match actual content-type "".

	at sun.reflect.NativeConstructorAccessorImpl.newInstance0(Native Method)
	at sun.reflect.NativeConstructorAccessorImpl.newInstance(Unknown Source)
	at sun.reflect.DelegatingConstructorAccessorImpl.newInstance(Unknown Source)
	at java.lang.reflect.Constructor.newInstance(Unknown Source)
	at org.codehaus.groovy.reflection.CachedConstructor.invoke(CachedConstructor.java:73)
	at org.codehaus.groovy.reflection.CachedConstructor.doConstructorInvoke(CachedConstructor.java:60)
	at org.codehaus.groovy.runtime.callsite.ConstructorSite$ConstructorSiteNoUnwrap.callConstructor(ConstructorSite.java:86)
	at org.codehaus.groovy.runtime.callsite.CallSiteArray.defaultCallConstructor(CallSiteArray.java:58)
	at org.codehaus.groovy.runtime.callsite.AbstractCallSite.callConstructor(AbstractCallSite.java:263)
	at org.codehaus.groovy.runtime.callsite.AbstractCallSite.callConstructor(AbstractCallSite.java:277)
	at io.restassured.internal.ResponseSpecificationImpl$HamcrestAssertionClosure.validate(ResponseSpecificationImpl.groovy:512)
	at io.restassured.internal.ResponseSpecificationImpl$HamcrestAssertionClosure$validate$1.call(Unknown Source)
	at io.restassured.internal.ResponseSpecificationImpl.validate(ResponseSpecificationImpl.groovy:101)
	at io.restassured.internal.ValidatableResponseOptionsImpl.spec(ValidatableResponseOptionsImpl.java:288)
	at com.spotify.oauth2.api.RestResource.put(RestResource.java:40)
	at com.spotify.oauth2.api.applicationapi.PlaylistAPI.put(PlaylistAPI.java:39)
	at com.spotify.oauth2.test.PlaylistTests.updateSinglePlaylistDetail(PlaylistTests.java:75)
	at sun.reflect.NativeMethodAccessorImpl.invoke0(Native Method)
	at sun.reflect.NativeMethodAccessorImpl.invoke(Unknown Source)
	at sun.reflect.DelegatingMethodAccessorImpl.invoke(Unknown Source)
	at java.lang.reflect.Method.invoke(Unknown Source)
	at org.testng.internal.MethodInvocationHelper.invokeMethod(MethodInvocationHelper.java:108)
	at org.testng.internal.Invoker.invokeMethod(Invoker.java:661)
	at org.testng.internal.Invoker.invokeTestMethod(Invoker.java:869)
	at org.testng.internal.Invoker.invokeTestMethods(Invoker.java:1193)
	at org.testng.internal.TestMethodWorker.invokeTestMethods(TestMethodWorker.java:126)
	at org.testng.internal.TestMethodWorker.run(TestMethodWorker.java:109)
	at org.testng.TestRunner.privateRun(TestRunner.java:744)
	at org.testng.TestRunner.run(TestRunner.java:602)
	at org.testng.SuiteRunner.runTest(SuiteRunner.java:380)
	at org.testng.SuiteRunner.runSequentially(SuiteRunner.java:375)
	at org.testng.SuiteRunner.privateRun(SuiteRunner.java:340)
	at org.testng.SuiteRunner.run(SuiteRunner.java:289)
	at org.testng.SuiteRunnerWorker.runSuite(SuiteRunnerWorker.java:52)
	at org.testng.SuiteRunnerWorker.run(SuiteRunnerWorker.java:86)
	at org.testng.TestNG.runSuitesSequentially(TestNG.java:1301)
	at org.testng.TestNG.runSuitesLocally(TestNG.java:1226)
	at org.testng.TestNG.runSuites(TestNG.java:1144)
	at org.testng.TestNG.run(TestNG.java:1115)
	at org.testng.remote.AbstractRemoteTestNG.run(AbstractRemoteTestNG.java:132)
	at org.testng.remote.RemoteTestNG.initAndRun(RemoteTestNG.java:230)
	at org.testng.remote.RemoteTestNG.main(RemoteTestNG.java:76)
]]>
            </full-stacktrace>
          </exception> <!-- java.lang.AssertionError -->
          <reporter-output>
          </reporter-output>
        </test-method> <!-- updateSinglePlaylistDetail -->
        <test-method status="FAIL" signature="getSingleUserAllPlaylist()[pri:3, instance:com.spotify.oauth2.test.PlaylistTests@3add81c4]" name="getSingleUserAllPlaylist" duration-ms="826" started-at="2022-08-16T18:18:08Z" description="Verify all Playlist for particular User using User ID" finished-at="2022-08-16T18:18:09Z">
          <exception class="java.lang.AssertionError">
            <message>
              <![CDATA[
Expected: iterable with items ["Dilip Walk Playlist", "Dilip Cardio Playlist", "Dilip Gym Playlist", "Dilip Empty Playlist", "Dilip Empty Playlist", "Dilip Learning Playlist", "Dilip Timepass Playlist", "Dilip Trace Playlist", "Dilip Travel Playlist", "dp"] in any order
     but: not matched: "Dilip Walk Playlist"]]>
            </message>
            <full-stacktrace>
              <![CDATA[java.lang.AssertionError: 
Expected: iterable with items ["Dilip Walk Playlist", "Dilip Cardio Playlist", "Dilip Gym Playlist", "Dilip Empty Playlist", "Dilip Empty Playlist", "Dilip Learning Playlist", "Dilip Timepass Playlist", "Dilip Trace Playlist", "Dilip Travel Playlist", "dp"] in any order
     but: not matched: "Dilip Walk Playlist"
	at org.hamcrest.MatcherAssert.assertThat(MatcherAssert.java:18)
	at org.hamcrest.MatcherAssert.assertThat(MatcherAssert.java:6)
	at com.spotify.oauth2.test.PlaylistTests.getSingleUserAllPlaylist(PlaylistTests.java:94)
	at sun.reflect.NativeMethodAccessorImpl.invoke0(Native Method)
	at sun.reflect.NativeMethodAccessorImpl.invoke(Unknown Source)
	at sun.reflect.DelegatingMethodAccessorImpl.invoke(Unknown Source)
	at java.lang.reflect.Method.invoke(Unknown Source)
	at org.testng.internal.MethodInvocationHelper.invokeMethod(MethodInvocationHelper.java:108)
	at org.testng.internal.Invoker.invokeMethod(Invoker.java:661)
	at org.testng.internal.Invoker.invokeTestMethod(Invoker.java:869)
	at org.testng.internal.Invoker.invokeTestMethods(Invoker.java:1193)
	at org.testng.internal.TestMethodWorker.invokeTestMethods(TestMethodWorker.java:126)
	at org.testng.internal.TestMethodWorker.run(TestMethodWorker.java:109)
	at org.testng.TestRunner.privateRun(TestRunner.java:744)
	at org.testng.TestRunner.run(TestRunner.java:602)
	at org.testng.SuiteRunner.runTest(SuiteRunner.java:380)
	at org.testng.SuiteRunner.runSequentially(SuiteRunner.java:375)
	at org.testng.SuiteRunner.privateRun(SuiteRunner.java:340)
	at org.testng.SuiteRunner.run(SuiteRunner.java:289)
	at org.testng.SuiteRunnerWorker.runSuite(SuiteRunnerWorker.java:52)
	at org.testng.SuiteRunnerWorker.run(SuiteRunnerWorker.java:86)
	at org.testng.TestNG.runSuitesSequentially(TestNG.java:1301)
	at org.testng.TestNG.runSuitesLocally(TestNG.java:1226)
	at org.testng.TestNG.runSuites(TestNG.java:1144)
	at org.testng.TestNG.run(TestNG.java:1115)
	at org.testng.remote.AbstractRemoteTestNG.run(AbstractRemoteTestNG.java:132)
	at org.testng.remote.RemoteTestNG.initAndRun(RemoteTestNG.java:230)
	at org.testng.remote.RemoteTestNG.main(RemoteTestNG.java:76)
]]>
            </full-stacktrace>
          </exception> <!-- java.lang.AssertionError -->
          <reporter-output>
          </reporter-output>
        </test-method> <!-- getSingleUserAllPlaylist -->
        <test-method status="PASS" signature="notAbleToCreatePlaylistWithEmptyName()[pri:4, instance:com.spotify.oauth2.test.PlaylistTests@3add81c4]" name="notAbleToCreatePlaylistWithEmptyName" duration-ms="237" started-at="2022-08-16T18:18:09Z" description="Verify create playlist with empty name" finished-at="2022-08-16T18:18:09Z">
          <reporter-output>
          </reporter-output>
        </test-method> <!-- notAbleToCreatePlaylistWithEmptyName -->
        <test-method status="PASS" signature="notAbleToCreatePlaylistUsingInvalidAccessToken()[pri:5, instance:com.spotify.oauth2.test.PlaylistTests@3add81c4]" name="notAbleToCreatePlaylistUsingInvalidAccessToken" duration-ms="207" started-at="2022-08-16T18:18:09Z" description="Verify create playlist using invalid access token" finished-at="2022-08-16T18:18:09Z">
          <reporter-output>
          </reporter-output>
        </test-method> <!-- notAbleToCreatePlaylistUsingInvalidAccessToken -->
        <test-method status="PASS" signature="notAbleToCreatePlaylistUsingExpiredAccessToken()[pri:6, instance:com.spotify.oauth2.test.PlaylistTests@3add81c4]" name="notAbleToCreatePlaylistUsingExpiredAccessToken" duration-ms="278" started-at="2022-08-16T18:18:09Z" description="Verify create playlist using expired access token" finished-at="2022-08-16T18:18:09Z">
          <reporter-output>
          </reporter-output>
        </test-method> <!-- notAbleToCreatePlaylistUsingExpiredAccessToken -->
      </class> <!-- com.spotify.oauth2.test.PlaylistTests -->
    </test> <!-- Default test -->
  </suite> <!-- Default suite -->
</testng-results>
